<?xml version="1.0" encoding="UTF-8"?>
<!-- Generated by org.testng.reporters.JUnitReportReporter -->
<testsuite name="com.core.framework.HybridFramework.testsuite.TestA" tests="3" time="0.005" ignored="0" failures="0" timestamp="17 Feb 2017 02:15:23 GMT" skipped="0" hostname="Lovelypc" errors="0">
  <testcase name="TestA" time="0.000" classname="com.core.framework.HybridFramework.testsuite.TestA"/>
  <testcase name="TestA" time="0.001" classname="com.core.framework.HybridFramework.testsuite.TestA"/>
  <testcase name="TestA" time="0.004" classname="com.core.framework.HybridFramework.testsuite.TestA"/>
</testsuite> <!-- com.core.framework.HybridFramework.testsuite.TestA -->
