<?xml version="1.0" encoding="UTF-8"?>
<!-- Generated by org.testng.reporters.JUnitReportReporter -->
<testsuite name="com.core.framework.HybridFramework.testsuite.GmailTest" tests="3" time="76.765" ignored="0" failures="0" timestamp="17 Feb 2017 02:15:23 GMT" skipped="1" hostname="Lovelypc" errors="0">
  <testcase name="GmailTest1" time="36.818" classname="com.core.framework.HybridFramework.testsuite.GmailTest"/>
  <testcase name="GmailTest1" time="0.686" classname="com.core.framework.HybridFramework.testsuite.GmailTest">
    <skipped/>
  </testcase> <!-- GmailTest1 -->
  <testcase name="GmailTest1" time="39.261" classname="com.core.framework.HybridFramework.testsuite.GmailTest"/>
</testsuite> <!-- com.core.framework.HybridFramework.testsuite.GmailTest -->
